{"total": {"lines":{"total":2176,"covered":1366,"skipped":0,"pct":62.77},"statements":{"total":2204,"covered":1380,"skipped":0,"pct":62.61},"functions":{"total":337,"covered":129,"skipped":0,"pct":38.27},"branches":{"total":524,"covered":217,"skipped":0,"pct":41.41},"branchesTrue":{"total":0,"covered":0,"skipped":0,"pct":100}}
,"/mnt/ext2/code/prompts/github/forks/vscode-cashscript/src/CashscriptCompletionProvider.ts": {"lines":{"total":118,"covered":96,"skipped":0,"pct":81.35},"functions":{"total":19,"covered":15,"skipped":0,"pct":78.94},"statements":{"total":138,"covered":103,"skipped":0,"pct":74.63},"branches":{"total":68,"covered":34,"skipped":0,"pct":50}}
,"/mnt/ext2/code/prompts/github/forks/vscode-cashscript/src/CashscriptSignatureCompleter.ts": {"lines":{"total":11,"covered":11,"skipped":0,"pct":100},"functions":{"total":2,"covered":2,"skipped":0,"pct":100},"statements":{"total":11,"covered":11,"skipped":0,"pct":100},"branches":{"total":3,"covered":2,"skipped":0,"pct":66.66}}
,"/mnt/ext2/code/prompts/github/forks/vscode-cashscript/src/LanguageDesc.ts": {"lines":{"total":14,"covered":14,"skipped":0,"pct":100},"functions":{"total":1,"covered":1,"skipped":0,"pct":100},"statements":{"total":19,"covered":19,"skipped":0,"pct":100},"branches":{"total":9,"covered":7,"skipped":0,"pct":77.77}}
,"/mnt/ext2/code/prompts/github/forks/vscode-cashscript/src/extension.ts": {"lines":{"total":20,"covered":20,"skipped":0,"pct":100},"functions":{"total":2,"covered":2,"skipped":0,"pct":100},"statements":{"total":20,"covered":20,"skipped":0,"pct":100},"branches":{"total":2,"covered":2,"skipped":0,"pct":100}}
,"/mnt/ext2/code/prompts/github/forks/vscode-cashscript/src/server.ts": {"lines":{"total":21,"covered":14,"skipped":0,"pct":66.66},"functions":{"total":4,"covered":1,"skipped":0,"pct":25},"statements":{"total":22,"covered":14,"skipped":0,"pct":63.63},"branches":{"total":2,"covered":0,"skipped":0,"pct":0}}
,"/mnt/ext2/code/prompts/github/forks/vscode-cashscript/src/CashscriptLinter/CashscriptLinter.ts": {"lines":{"total":17,"covered":17,"skipped":0,"pct":100},"functions":{"total":1,"covered":1,"skipped":0,"pct":100},"statements":{"total":17,"covered":17,"skipped":0,"pct":100},"branches":{"total":0,"covered":0,"skipped":0,"pct":100}}
,"/mnt/ext2/code/prompts/github/forks/vscode-cashscript/src/CashscriptLinter/ErrorListeners.ts": {"lines":{"total":12,"covered":12,"skipped":0,"pct":100},"functions":{"total":4,"covered":4,"skipped":0,"pct":100},"statements":{"total":12,"covered":12,"skipped":0,"pct":100},"branches":{"total":0,"covered":0,"skipped":0,"pct":100}}
,"/mnt/ext2/code/prompts/github/forks/vscode-cashscript/src/CashscriptLinter/grammar/CashScriptLexer.ts": {"lines":{"total":103,"covered":96,"skipped":0,"pct":93.2},"functions":{"total":10,"covered":3,"skipped":0,"pct":30},"statements":{"total":104,"covered":97,"skipped":0,"pct":93.26},"branches":{"total":2,"covered":2,"skipped":0,"pct":100}}
,"/mnt/ext2/code/prompts/github/forks/vscode-cashscript/src/CashscriptLinter/grammar/CashScriptParser.ts": {"lines":{"total":1858,"covered":1084,"skipped":0,"pct":58.34},"functions":{"total":294,"covered":100,"skipped":0,"pct":34.01},"statements":{"total":1859,"covered":1085,"skipped":0,"pct":58.36},"branches":{"total":438,"covered":170,"skipped":0,"pct":38.81}}
,"/mnt/ext2/code/prompts/github/forks/vscode-cashscript/src/CashscriptLinter/grammar/CashScriptVisitor.ts": {"lines":{"total":2,"covered":2,"skipped":0,"pct":100},"functions":{"total":0,"covered":0,"skipped":0,"pct":100},"statements":{"total":2,"covered":2,"skipped":0,"pct":100},"branches":{"total":0,"covered":0,"skipped":0,"pct":100}}
}
